# JRE version: OpenJDK Runtime Environment (20.0.1+9) (build 20.0.1+9-29)
# Java VM: OpenJDK 64-Bit Server VM (20.0.1+9-29, mixed mode, sharing, tiered, compressed oops, compressed class ptrs, g1 gc, windows-amd64)
GC Precious Log:
 CardTable entry size: 512
 Card Set container configuration: InlinePtr #cards 5 size 8 Array Of Cards #cards 12 size 40 Howl #buckets 4 coarsen threshold 1843 Howl Bitmap #cards 512 size 80 coarsen threshold 460 Card regions per heap region 1 cards per card region 2048
 CPUs: 4 total, 4 available
 Memory: 6107M
 Large Page Support: Disabled
 NUMA Support: Disabled
 Compressed Oops: Enabled (32-bit)
 Heap Region Size: 1M
 Heap Min Capacity: 8M
 Heap Initial Capacity: 96M
 Heap Max Capacity: 1528M
 Pre-touch: Disabled
 Parallel Workers: 4
 Concurrent Workers: 1
 Concurrent Refinement Workers: 4
 Periodic GC: Disabled
Heap:
 garbage-first heap   total 294912K, used 212343K [0x00000000a0800000, 0x0000000100000000)
  region size 1024K, 3 young (3072K), 3 survivors (3072K)
 Metaspace       used 1040K, committed 1216K, reserved 1114112K
  class space    used 90K, committed 192K, reserved 1048576K
GC Heap History (19 events):
Event: 0.572 GC heap before
{Heap before GC invocations=0 (full 0):
 garbage-first heap   total 98304K, used 12288K [0x00000000a0800000, 0x0000000100000000)
  region size 1024K, 13 young (13312K), 0 survivors (0K)
 Metaspace       used 1028K, committed 1216K, reserved 1114112K
  class space    used 90K, committed 192K, reserved 1048576K
}
Event: 0.579 GC heap after
{Heap after GC invocations=1 (full 0):
 garbage-first heap   total 98304K, used 10990K [0x00000000a0800000, 0x0000000100000000)
  region size 1024K, 2 young (2048K), 2 survivors (2048K)
 Metaspace       used 1028K, committed 1216K, reserved 1114112K
  class space    used 90K, committed 192K, reserved 1048576K
}
Event: 0.581 GC heap before
{Heap before GC invocations=1 (full 0):
 garbage-first heap   total 98304K, used 18158K [0x00000000a0800000, 0x0000000100000000)
  region size 1024K, 10 young (10240K), 2 survivors (2048K)
 Metaspace       used 1031K, committed 1216K, reserved 1114112K
  class space    used 90K, committed 192K, reserved 1048576K
}
Event: 0.585 GC heap after
{Heap after GC invocations=2 (full 0):
 garbage-first heap   total 98304K, used 19253K [0x00000000a0800000, 0x0000000100000000)
  region size 1024K, 2 young (2048K), 2 survivors (2048K)
 Metaspace       used 1031K, committed 1216K, reserved 1114112K
  class space    used 90K, committed 192K, reserved 1048576K
}
Event: 0.594 GC heap before
{Heap before GC invocations=2 (full 0):
 garbage-first heap   total 98304K, used 31541K [0x00000000a0800000, 0x0000000100000000)
  region size 1024K, 15 young (15360K), 2 survivors (2048K)
 Metaspace       used 1036K, committed 1216K, reserved 1114112K
  class space    used 90K, committed 192K, reserved 1048576K
}
Event: 0.599 GC heap after
{Heap after GC invocations=3 (full 0):
 garbage-first heap   total 98304K, used 32377K [0x00000000a0800000, 0x0000000100000000)
  region size 1024K, 2 young (2048K), 2 survivors (2048K)
 Metaspace       used 1036K, committed 1216K, reserved 1114112K
  class space    used 90K, committed 192K, reserved 1048576K
}
Event: 0.604 GC heap before
{Heap before GC invocations=3 (full 0):
 garbage-first heap   total 98304K, used 48761K [0x00000000a0800000, 0x0000000100000000)
  region size 1024K, 19 young (19456K), 2 survivors (2048K)
 Metaspace       used 1040K, committed 1216K, reserved 1114112K
  class space    used 90K, committed 192K, reserved 1048576K
}
Event: 0.610 GC heap after
{Heap after GC invocations=4 (full 0):
 garbage-first heap   total 98304K, used 49738K [0x00000000a0800000, 0x0000000100000000)
  region size 1024K, 3 young (3072K), 3 survivors (3072K)
 Metaspace       used 1040K, committed 1216K, reserved 1114112K
  class space    used 90K, committed 192K, reserved 1048576K
}
Event: 0.614 GC heap before
{Heap before GC invocations=4 (full 0):
 garbage-first heap   total 98304K, used 63050K [0x00000000a0800000, 0x0000000100000000)
  region size 1024K, 17 young (17408K), 3 survivors (3072K)
 Metaspace       used 1040K, committed 1216K, reserved 1114112K
  class space    used 90K, committed 192K, reserved 1048576K
}
Event: 0.621 GC heap after
{Heap after GC invocations=5 (full 0):
 garbage-first heap   total 294912K, used 64051K [0x00000000a0800000, 0x0000000100000000)
  region size 1024K, 3 young (3072K), 3 survivors (3072K)
 Metaspace       used 1040K, committed 1216K, reserved 1114112K
  class space    used 90K, committed 192K, reserved 1048576K
}
Event: 0.632 GC heap before
{Heap before GC invocations=6 (full 0):
 garbage-first heap   total 256000K, used 92723K [0x00000000a0800000, 0x0000000100000000)
  region size 1024K, 32 young (32768K), 3 survivors (3072K)
 Metaspace       used 1040K, committed 1216K, reserved 1114112K
  class space    used 90K, committed 192K, reserved 1048576K
}
Event: 0.640 GC heap after
{Heap after GC invocations=7 (full 0):
 garbage-first heap   total 256000K, used 93685K [0x00000000a0800000, 0x0000000100000000)
  region size 1024K, 4 young (4096K), 4 survivors (4096K)
 Metaspace       used 1040K, committed 1216K, reserved 1114112K
  class space    used 90K, committed 192K, reserved 1048576K
}
Event: 0.646 GC heap before
{Heap before GC invocations=7 (full 0):
 garbage-first heap   total 256000K, used 130549K [0x00000000a0800000, 0x0000000100000000)
  region size 1024K, 41 young (41984K), 4 survivors (4096K)
 Metaspace       used 1040K, committed 1216K, reserved 1114112K
  class space    used 90K, committed 192K, reserved 1048576K
}
Event: 0.657 GC heap after
{Heap after GC invocations=8 (full 0):
 garbage-first heap   total 256000K, used 131541K [0x00000000a0800000, 0x0000000100000000)
  region size 1024K, 6 young (6144K), 6 survivors (6144K)
 Metaspace       used 1040K, committed 1216K, reserved 1114112K
  class space    used 90K, committed 192K, reserved 1048576K
}
Event: 0.663 GC heap before
{Heap before GC invocations=8 (full 0):
 garbage-first heap   total 256000K, used 168405K [0x00000000a0800000, 0x0000000100000000)
  region size 1024K, 43 young (44032K), 6 survivors (6144K)
 Metaspace       used 1040K, committed 1216K, reserved 1114112K
  class space    used 90K, committed 192K, reserved 1048576K
}
Event: 0.674 GC heap after
{Heap after GC invocations=9 (full 0):
 garbage-first heap   total 256000K, used 169382K [0x00000000a0800000, 0x0000000100000000)
  region size 1024K, 6 young (6144K), 6 survivors (6144K)
 Metaspace       used 1040K, committed 1216K, reserved 1114112K
  class space    used 90K, committed 192K, reserved 1048576K
}
Event: 0.678 GC heap before
{Heap before GC invocations=9 (full 0):
 garbage-first heap   total 256000K, used 193958K [0x00000000a0800000, 0x0000000100000000)
  region size 1024K, 31 young (31744K), 6 survivors (6144K)
 Metaspace       used 1040K, committed 1216K, reserved 1114112K
  class space    used 90K, committed 192K, reserved 1048576K
}
Event: 0.687 GC heap after
{Heap after GC invocations=10 (full 0):
 garbage-first heap   total 256000K, used 194959K [0x00000000a0800000, 0x0000000100000000)
  region size 1024K, 4 young (4096K), 4 survivors (4096K)
 Metaspace       used 1040K, committed 1216K, reserved 1114112K
  class space    used 90K, committed 192K, reserved 1048576K
}
Event: 0.689 GC heap before
{Heap before GC invocations=10 (full 0):
 garbage-first heap   total 256000K, used 211343K [0x00000000a0800000, 0x0000000100000000)
  region size 1024K, 21 young (21504K), 4 survivors (4096K)
 Metaspace       used 1040K, committed 1216K, reserved 1114112K
  class space    used 90K, committed 192K, reserved 1048576K
}

